
1) Add Data
2) Display Data
3) Remove Recipe
4) Load XML
5) Write XML
6) Find Ingredient in Recipe
7) Calculate Calories
8) Calculate Volume
9) Calculate Calorie Density
0) Quit

Choice:> What recipe:> 
What ingredient (mix, baked, remeasure, single):> Name:> Calories:> Cups:> Added single

1) Add Data
2) Display Data
3) Remove Recipe
4) Load XML
5) Write XML
6) Find Ingredient in Recipe
7) Calculate Calories
8) Calculate Volume
9) Calculate Calorie Density
0) Quit

Choice:> 
Recipe: Milk 
==================================
  ______Milk______
  Cups: 1
  Calories: 103


1) Add Data
2) Display Data
3) Remove Recipe
4) Load XML
5) Write XML
6) Find Ingredient in Recipe
7) Calculate Calories
8) Calculate Volume
9) Calculate Calorie Density
0) Quit

Choice:> What recipe:> Milk is already in the book

1) Add Data
2) Display Data
3) Remove Recipe
4) Load XML
5) Write XML
6) Find Ingredient in Recipe
7) Calculate Calories
8) Calculate Volume
9) Calculate Calorie Density
0) Quit

Choice:> What recipe:> 
What ingredient (mix, baked, remeasure, single):> New Quantity:> 
What ingredient (mix, baked, remeasure, single):> Name:> Calories:> Cups:> Added single
Added remeasure

1) Add Data
2) Display Data
3) Remove Recipe
4) Load XML
5) Write XML
6) Find Ingredient in Recipe
7) Calculate Calories
8) Calculate Volume
9) Calculate Calorie Density
0) Quit

Choice:> 
Recipe: Milk 
==================================
  ______Milk______
  Cups: 1
  Calories: 103

Recipe: Pint of milk 
==================================

  Remeasure to 2.0 cups
    ______Milk______
    Cups: 1
    Calories: 103


1) Add Data
2) Display Data
3) Remove Recipe
4) Load XML
5) Write XML
6) Find Ingredient in Recipe
7) Calculate Calories
8) Calculate Volume
9) Calculate Calorie Density
0) Quit

Choice:> What recipe:> 
What ingredient (mix, baked, remeasure, single):> Name:> Expansion Factor:> 
What ingredient (mix, baked, remeasure, single):> Name:> Calories:> Cups:> Added single
Added baked

1) Add Data
2) Display Data
3) Remove Recipe
4) Load XML
5) Write XML
6) Find Ingredient in Recipe
7) Calculate Calories
8) Calculate Volume
9) Calculate Calorie Density
0) Quit

Choice:> 
Recipe: Milk 
==================================
  ______Milk______
  Cups: 1
  Calories: 103

Recipe: Pint of milk 
==================================

  Remeasure to 2.0 cups
    ______Milk______
    Cups: 1
    Calories: 103

Recipe: Condensed milk 
==================================

  Simmered (0.25)
    ______Milk______
    Cups: 1
    Calories: 103


1) Add Data
2) Display Data
3) Remove Recipe
4) Load XML
5) Write XML
6) Find Ingredient in Recipe
7) Calculate Calories
8) Calculate Volume
9) Calculate Calorie Density
0) Quit

Choice:> What recipe:> 
What ingredient (mix, baked, remeasure, single):> Name:> 
What ingredient (mix, baked, remeasure, single):> Name:> Calories:> Cups:> Added single
Add another ingredient (y/n):> 
What ingredient (mix, baked, remeasure, single):> Name:> Calories:> Cups:> Added single
Add another ingredient (y/n):> Added mix

1) Add Data
2) Display Data
3) Remove Recipe
4) Load XML
5) Write XML
6) Find Ingredient in Recipe
7) Calculate Calories
8) Calculate Volume
9) Calculate Calorie Density
0) Quit

Choice:> 
Recipe: Milk 
==================================
  ______Milk______
  Cups: 1
  Calories: 103

Recipe: Pint of milk 
==================================

  Remeasure to 2.0 cups
    ______Milk______
    Cups: 1
    Calories: 103

Recipe: Condensed milk 
==================================

  Simmered (0.25)
    ______Milk______
    Cups: 1
    Calories: 103

Recipe: Half and half 
==================================
  Blend 
  *****************************
    ______Milk______
    Cups: 0.5
    Calories: 103
    ______Cream______
    Cups: 0.5
    Calories: 490
  *****************************


1) Add Data
2) Display Data
3) Remove Recipe
4) Load XML
5) Write XML
6) Find Ingredient in Recipe
7) Calculate Calories
8) Calculate Volume
9) Calculate Calorie Density
0) Quit

Choice:> What recipe:> 
What ingredient (mix, baked, remeasure, single):> Name:> Expansion Factor:> 
What ingredient (mix, baked, remeasure, single):> Name:> 
What ingredient (mix, baked, remeasure, single):> Name:> Calories:> Cups:> Added single
Add another ingredient (y/n):> 
What ingredient (mix, baked, remeasure, single):> Name:> Calories:> Cups:> Added single
Add another ingredient (y/n):> 
What ingredient (mix, baked, remeasure, single):> New Quantity:> 
What ingredient (mix, baked, remeasure, single):> Name:> Calories:> Cups:> Added single
Added remeasure
Add another ingredient (y/n):> Added mix
Added baked

1) Add Data
2) Display Data
3) Remove Recipe
4) Load XML
5) Write XML
6) Find Ingredient in Recipe
7) Calculate Calories
8) Calculate Volume
9) Calculate Calorie Density
0) Quit

Choice:> 
Recipe: Milk 
==================================
  ______Milk______
  Cups: 1
  Calories: 103

Recipe: Pint of milk 
==================================

  Remeasure to 2.0 cups
    ______Milk______
    Cups: 1
    Calories: 103

Recipe: Condensed milk 
==================================

  Simmered (0.25)
    ______Milk______
    Cups: 1
    Calories: 103

Recipe: Half and half 
==================================
  Blend 
  *****************************
    ______Milk______
    Cups: 0.5
    Calories: 103
    ______Cream______
    Cups: 0.5
    Calories: 490
  *****************************

Recipe: Shortbread 
==================================

  Cookie (1.5)
    Dough 
    *****************************
      ______Butter______
      Cups: 1
      Calories: 1628
      ______Flour______
      Cups: 1.25
      Calories: 455

      Remeasure to 0.75 cups
        ______Sugar______
        Cups: 1
        Calories: 773
    *****************************


1) Add Data
2) Display Data
3) Remove Recipe
4) Load XML
5) Write XML
6) Find Ingredient in Recipe
7) Calculate Calories
8) Calculate Volume
9) Calculate Calorie Density
0) Quit

Choice:> 
