
1) Add Data
2) Display Data
3) Remove Recipe
4) Load XML
5) Write XML
6) Find Ingredient in Recipe
7) Calculate Calories
8) Calculate Volume
9) Calculate Calorie Density
0) Quit

Choice:> [34;1m4[0m
file name:> [34;1mfullClean.xml[0m

1) Add Data
2) Display Data
3) Remove Recipe
4) Load XML
5) Write XML
6) Find Ingredient in Recipe
7) Calculate Calories
8) Calculate Volume
9) Calculate Calorie Density
0) Quit

Choice:> [34;1m6[0m
recipe:> [34;1mmilk[0m
milk found in milk

1) Add Data
2) Display Data
3) Remove Recipe
4) Load XML
5) Write XML
6) Find Ingredient in Recipe
7) Calculate Calories
8) Calculate Volume
9) Calculate Calorie Density
0) Quit

Choice:> [34;1m6[0m
recipe:> [34;1msugar[0m
sugar found in sweetened condensed milk

1) Add Data
2) Display Data
3) Remove Recipe
4) Load XML
5) Write XML
6) Find Ingredient in Recipe
7) Calculate Calories
8) Calculate Volume
9) Calculate Calorie Density
0) Quit

Choice:> [34;1m6[0m
recipe:> [34;1mflour[0m
flour found in shortbread

1) Add Data
2) Display Data
3) Remove Recipe
4) Load XML
5) Write XML
6) Find Ingredient in Recipe
7) Calculate Calories
8) Calculate Volume
9) Calculate Calorie Density
0) Quit

Choice:> [34;1m6[0m
recipe:> [34;1mdough[0m
dough found in shortbread

1) Add Data
2) Display Data
3) Remove Recipe
4) Load XML
5) Write XML
6) Find Ingredient in Recipe
7) Calculate Calories
8) Calculate Volume
9) Calculate Calorie Density
0) Quit

Choice:> [34;1m6[0m
recipe:> [34;1mBLEND[0m
blend found in half and half

1) Add Data
2) Display Data
3) Remove Recipe
4) Load XML
5) Write XML
6) Find Ingredient in Recipe
7) Calculate Calories
8) Calculate Volume
9) Calculate Calorie Density
0) Quit

Choice:> [34;1m6[0m
recipe:> [34;1msimMered[0m
simmered found in condensed milk

1) Add Data
2) Display Data
3) Remove Recipe
4) Load XML
5) Write XML
6) Find Ingredient in Recipe
7) Calculate Calories
8) Calculate Volume
9) Calculate Calorie Density
0) Quit

Choice:> [34;1m6[0m
recipe:> [34;1mBaked Dough[0m
baked dough found in shortbread

1) Add Data
2) Display Data
3) Remove Recipe
4) Load XML
5) Write XML
6) Find Ingredient in Recipe
7) Calculate Calories
8) Calculate Volume
9) Calculate Calorie Density
0) Quit

Choice:> [34;1m6[0m
recipe:> [34;1mpint of MILK[0m
pint of milk found in pint of milk

1) Add Data
2) Display Data
3) Remove Recipe
4) Load XML
5) Write XML
6) Find Ingredient in Recipe
7) Calculate Calories
8) Calculate Volume
9) Calculate Calorie Density
0) Quit

Choice:> [34;1m6[0m
recipe:> [34;1mxyz[0m
xyz not found

1) Add Data
2) Display Data
3) Remove Recipe
4) Load XML
5) Write XML
6) Find Ingredient in Recipe
7) Calculate Calories
8) Calculate Volume
9) Calculate Calorie Density
0) Quit

Choice:> [34;1m1[0m
What recipe:> [34;1moatmeal[0m
What ingredient (mix, baked, remeasure, single):> [34;1mb[0m
Name:> [34;1mporridge[0m
Expansion Factor:> [34;1m2.2[0m
What ingredient (mix, baked, remeasure, single):> [34;1mmix[0m
Name:> [34;1msoaked oatmeal[0m
What ingredient (mix, baked, remeasure, single):> [34;1ms[0m
Name:> [34;1mwater[0m
Calories:> [34;1m0[0m
Cups:> [34;1m1[0m
Added single
Add another ingredient (y/n):> [34;1my[0m
What ingredient (mix, baked, remeasure, single):> [34;1mr[0m
New Quantity:> [34;1m0.75[0m
What ingredient (mix, baked, remeasure, single):> [34;1ms[0m
Name:> [34;1moats[0m
Calories:> [34;1m607[0m
Cups:> [34;1m1[0m
Added single
added remeasure
Add another ingredient (y/n):> [34;1mn[0m
added mix
added baked

1) Add Data
2) Display Data
3) Remove Recipe
4) Load XML
5) Write XML
6) Find Ingredient in Recipe
7) Calculate Calories
8) Calculate Volume
9) Calculate Calorie Density
0) Quit

Choice:> [34;1m6[0m
recipe:> [34;1moats[0m
oats found in oatmeal

1) Add Data
2) Display Data
3) Remove Recipe
4) Load XML
5) Write XML
6) Find Ingredient in Recipe
7) Calculate Calories
8) Calculate Volume
9) Calculate Calorie Density
0) Quit

Choice:> [34;1m0[0m

