
1) Add Data
2) Display Data
3) Remove Recipe
4) Load XML
5) Write XML
6) Find Ingredient in Recipe
7) Calculate Calories
8) Calculate Volume
9) Calculate Calorie Density
0) Quit

Choice:> 


1) Add Data
2) Display Data
3) Remove Recipe
4) Load XML
5) Write XML
6) Find Ingredient in Recipe
7) Calculate Calories
8) Calculate Volume
9) Calculate Calorie Density
0) Quit

Choice:> File name:> Could not open file: doesNotExist.xml (The system cannot find the file specified)

1) Add Data
2) Display Data
3) Remove Recipe
4) Load XML
5) Write XML
6) Find Ingredient in Recipe
7) Calculate Calories
8) Calculate Volume
9) Calculate Calorie Density
0) Quit

Choice:> File name:> Invalid xml file. Needs to be an recipebook xml file

1) Add Data
2) Display Data
3) Remove Recipe
4) Load XML
5) Write XML
6) Find Ingredient in Recipe
7) Calculate Calories
8) Calculate Volume
9) Calculate Calorie Density
0) Quit

Choice:> File name:> 
1) Add Data
2) Display Data
3) Remove Recipe
4) Load XML
5) Write XML
6) Find Ingredient in Recipe
7) Calculate Calories
8) Calculate Volume
9) Calculate Calorie Density
0) Quit

Choice:> 
Recipe: Milk 
==================================
  ______Milk______
  Cups: 1
  Calories: 100

Recipe: Scalded milk 
==================================

  Baked Milk (1.0)
    ______Milk______
    Cups: 1
    Calories: 103

Recipe: Oatmeal 
==================================

  Baked Soaked oats (1.0)
    Soaked oats 
    *****************************
      ______Water______
      Cups: 1
      Calories: 0

      Remeasure to 0.75 cups
        ______Sugar______
        Cups: 1
        Calories: 607
    *****************************


1) Add Data
2) Display Data
3) Remove Recipe
4) Load XML
5) Write XML
6) Find Ingredient in Recipe
7) Calculate Calories
8) Calculate Volume
9) Calculate Calorie Density
0) Quit

Choice:> 
